C51 COMPILER V9.57.0.0   LCD1602                                                           10/30/2023 18:55:24 PAGE 1   


C51 COMPILER V9.57.0.0, COMPILATION OF MODULE LCD1602
OBJECT MODULE PLACED IN .\Objects\LCD1602.obj
COMPILER INVOKED BY: D:\Software\WorkSoftware\Keil5\MDK\C51\BIN\C51.EXE code\LCD1602.c OPTIMIZE(8,SPEED) BROWSE INCDIR(.
                    -\code) DEBUG OBJECTEXTEND PRINT(.\Listings\LCD1602.lst) TABS(2) OBJECT(.\Objects\LCD1602.obj)

line level    source

   1          #include"LCD1602.h"
   2          
   3          void LCD_Init()
   4          {
   5   1          Lcd_WriteCmd(0x38);
   6   1          Delay5ms();
   7   1          Lcd_WriteCmd(0x38);
   8   1          Delay5ms();
   9   1          Lcd_WriteCmd(0x38);
  10   1          Delay5ms();
  11   1          Lcd_WriteCmd(0x38);
  12   1      
  13   1          Lcd_WriteCmd(0x08);
  14   1          Lcd_WriteCmd(0x01);
  15   1          Lcd_WriteCmd(0x06);
  16   1          Delay5ms();
  17   1          Lcd_WriteCmd(0x0C);
  18   1      }
  19          void Lcd_WriteCmd(unsigned char cmd)
  20          {
  21   1          while(Lcd_Check_Busy());
  22   1          //用延时替代
  23   1      //    Delay1ms();
  24   1      //    Delay1ms();
  25   1      //    Delay1ms();
  26   1      
  27   1          //指令数据，0指令，1数据
  28   1          RS = 0;
  29   1          RW = 0;
  30   1          DATA = cmd;
  31   1          EN = 1; 
  32   1          EN = 0;
  33   1      }
  34          void Lcd_WriteData(unsigned char data1)
  35          {
  36   1          //仿真中不能检测忙函数
  37   1          //用延时替代
  38   1          while(Lcd_Check_Busy());
  39   1      //    Delay1ms();
  40   1      //    Delay1ms();
  41   1      //    Delay1ms();
  42   1      //    Delay1ms();
  43   1      
  44   1      
  45   1          //指令数据，0指令，1数据
  46   1          RS = 1;
  47   1          RW = 0;
  48   1          DATA = data1;
  49   1          EN = 1;
  50   1          EN = 0;
  51   1      
  52   1      }
  53          
  54          /*
C51 COMPILER V9.57.0.0   LCD1602                                                           10/30/2023 18:55:24 PAGE 2   

  55          Functional Description: Single char display function
  56          Parameters Description:
  57          y,x: starting coordinates
  58          char1: char to display
  59          */
  60          
  61          void Lcd_WriteChar(unsigned char y, unsigned char x, unsigned char char1)
  62          {
  63   1          if(y == 1)
  64   1          {
  65   2              Lcd_WriteCmd(0x80|(x-1));  
  66   2          }
  67   1          else{
  68   2              Lcd_WriteCmd(0x80|(x-1)+ 0x40);  
  69   2          }
  70   1          Lcd_WriteData(char1);
  71   1      }
  72          
  73          /*
  74          Functional Description: Continuous Single char display function
  75          Parameters Description:
  76          y,x: starting coordinates
  77          char[i]: string to display
  78          len: Lenght of the string 
  79          */
  80          
  81          void Lcd_WriteStr(unsigned char x, unsigned char y, unsigned char* string)  
  82          {
  83   1        unsigned char i;
  84   1        
  85   1        for(i=0; string[i] != '\0'; i++){
  86   2          Lcd_WriteChar(x++,y,string[i]);
  87   2        }
  88   1      }
  89          
  90          bit Lcd_Check_Busy()
  91          {
  92   1          RS = 0;
  93   1          RW = 1;
  94   1          EN = 0;
  95   1          Delay1ms();
  96   1          _nop_();
  97   1          EN = 1;
  98   1          Delay1ms();
  99   1          return (bit)(DATA & 0x80);
 100   1      }


MODULE INFORMATION:   STATIC OVERLAYABLE
   CODE SIZE        =    179    ----
   CONSTANT SIZE    =   ----    ----
   XDATA SIZE       =   ----    ----
   PDATA SIZE       =   ----    ----
   DATA SIZE        =   ----      10
   IDATA SIZE       =   ----    ----
   BIT SIZE         =   ----    ----
END OF MODULE INFORMATION.


C51 COMPILATION COMPLETE.  0 WARNING(S),  0 ERROR(S)
